<?xml version="1.0" encoding="UTF-8"?>
<!-- Generated by org.testng.reporters.JUnitXMLReporter -->
<testsuite hostname="ShrutiLaptop" name="Free CRM Test Cases" tests="6" failures="0" timestamp="7 Apr 2018 03:53:26 GMT" time="310.844" errors="0">
  <testcase name="validateContactsLabel" time="1.165" classname="com.crm.qa.testCases.ContactsPageTest"/>
  <testcase name="validateContactLinkClickTest" time="0.336" classname="com.crm.qa.testCases.HomePageTest"/>
  <testcase name="validateLoginTest" time="12.748" classname="com.crm.qa.testCases.LoginPageTest"/>
  <testcase name="validateNewContactSave" time="15.282" classname="com.crm.qa.testCases.NewContactPageTest"/>
  <testcase name="validateNewContactSave" time="5.169" classname="com.crm.qa.testCases.NewContactPageTest"/>
  <testcase name="validateNewContactSave" time="2.563" classname="com.crm.qa.testCases.NewContactPageTest"/>
</testsuite> <!-- Free CRM Test Cases -->
