<?xml version="1.0" encoding="UTF-8"?>
<!-- Generated by org.testng.reporters.JUnitXMLReporter -->
<testsuite hostname="ShrutiLaptop" name="Free CRM Test Cases" tests="3" failures="0" timestamp="5 Apr 2018 17:40:05 GMT" time="123.36" errors="0">
  <testcase name="validateContactsLabel" time="1.832" classname="com.crm.qa.testCases.ContactsPageTest"/>
  <testcase name="validateContactLinkClickTest" time="0.674" classname="com.crm.qa.testCases.HomePageTest"/>
  <testcase name="validateLoginTest" time="17.198" classname="com.crm.qa.testCases.LoginPageTest"/>
</testsuite> <!-- Free CRM Test Cases -->
