<?xml version="1.0" encoding="UTF-8"?>
<!-- Generated by org.testng.reporters.JUnitXMLReporter -->
<testsuite hostname="ShrutiLaptop" name="Default test" tests="3" failures="0" timestamp="5 Apr 2018 10:10:23 GMT" time="116.193" errors="0">
  <testcase name="validateNewContactSave" time="4.359" classname="com.crm.qa.testCases.NewContactPageTest"/>
  <testcase name="validateNewContactSave" time="3.231" classname="com.crm.qa.testCases.NewContactPageTest"/>
  <testcase name="validateNewContactSave" time="3.314" classname="com.crm.qa.testCases.NewContactPageTest"/>
</testsuite> <!-- Default test -->
